[Fri Nov 29 00:01:00 2013] [GHOST] starting up
[Fri Nov 29 00:01:00 2013] [GHOST] using log method 1, logging is enabled and [ghost.log] will not be locked
[Fri Nov 29 00:01:00 2013] [GHOST] using Windows timer with resolution 1 milliseconds
[Fri Nov 29 00:01:00 2013] [GHOST] starting winsock
[Fri Nov 29 00:01:00 2013] [GHOST] setting process priority to "above normal"
[Fri Nov 29 00:01:00 2013] [UDPSOCKET] using default broadcast target
[Fri Nov 29 00:01:00 2013] [GHOST] opening primary database
[Fri Nov 29 00:01:00 2013] [SQLITE3] version 3.7.13
[Fri Nov 29 00:01:00 2013] [SQLITE3] opening database [ghost.dbs]
[Fri Nov 29 00:01:00 2013] [SQLITE3] prepare error getting schema number - no such table: config
[Fri Nov 29 00:01:00 2013] [SQLITE3] couldn't find schema number, looking for admins table
[Fri Nov 29 00:01:00 2013] [SQLITE3] couldn't find admins table, assuming database is empty
[Fri Nov 29 00:01:01 2013] [GHOST] opening secondary (local) database
[Fri Nov 29 00:01:01 2013] [SQLITE3] version 3.7.13
[Fri Nov 29 00:01:01 2013] [SQLITE3] opening database [ghost.dbs]
[Fri Nov 29 00:01:01 2013] [SQLITE3] found schema number [8]
[Fri Nov 29 00:01:01 2013] [GHOST] attempting to find local IP addresses
[Fri Nov 29 00:01:01 2013] [GHOST] local IP address #1 is [192.168.1.2]
[Fri Nov 29 00:01:01 2013] [GHOST] local IP address #2 is [127.0.0.1]
[Fri Nov 29 00:01:01 2013] [GHOST] acting as Warcraft III: The Frozen Throne
[Fri Nov 29 00:01:01 2013] [CONFIG] loading file [language.cfg]
[Fri Nov 29 00:01:01 2013] [GHOST] missing bnet_username, skipping this battle.net connection
[Fri Nov 29 00:01:01 2013] [GHOST] warning - no battle.net connections found in config file
[Fri Nov 29 00:01:01 2013] [GHOST] loading MPQ file [C:\Program Files\Warcraft III\War3Patch.mpq]
[Fri Nov 29 00:01:01 2013] [GHOST] extracting Scripts\common.j from MPQ file to [mapcfgs\common.j]
[Fri Nov 29 00:01:01 2013] [GHOST] extracting Scripts\blizzard.j from MPQ file to [mapcfgs\blizzard.j]
[Fri Nov 29 00:01:05 2013] [GHOST] adding ".cfg" to default map -> new default is [wormwar.cfg]
[Fri Nov 29 00:01:05 2013] [CONFIG] loading file [mapcfgs\wormwar.cfg]
[Fri Nov 29 00:01:05 2013] [UTIL] warning - unable to read file [maps\(12)WormWar.w3x]
[Fri Nov 29 00:01:05 2013] [MAP] warning - unable to load MPQ file [maps\(12)WormWar.w3x]
[Fri Nov 29 00:01:05 2013] [MAP] no map data available, using config file for map_size, map_info, map_crc, map_sha1
[Fri Nov 29 00:01:05 2013] [MAP] no map data available, using config file for map_options, map_width, map_height, map_slot<x>, map_numplayers, map_numteams
[Fri Nov 29 00:01:05 2013] [MAP] overriding calculated map_filter_type with config value map_filter_type = 0
[Fri Nov 29 00:01:05 2013] [GHOST] using hardcoded admin game map
[Fri Nov 29 00:01:05 2013] [MAP] using hardcoded Emerald Gardens map data for Warcraft 3 version 1.24 & 1.24b
[Fri Nov 29 00:01:05 2013] [GHOST] started loading [ip-to-country.csv]
[Fri Nov 29 00:01:05 2013] [GHOST] iptocountry data: 10% loaded
[Fri Nov 29 00:01:06 2013] [GHOST] iptocountry data: 20% loaded
[Fri Nov 29 00:01:06 2013] [GHOST] iptocountry data: 30% loaded
[Fri Nov 29 00:01:07 2013] [GHOST] iptocountry data: 40% loaded
[Fri Nov 29 00:01:07 2013] [GHOST] iptocountry data: 50% loaded
[Fri Nov 29 00:01:07 2013] [GHOST] iptocountry data: 60% loaded
[Fri Nov 29 00:01:08 2013] [GHOST] iptocountry data: 70% loaded
[Fri Nov 29 00:01:08 2013] [GHOST] iptocountry data: 80% loaded
[Fri Nov 29 00:01:09 2013] [GHOST] iptocountry data: 90% loaded
[Fri Nov 29 00:01:09 2013] [GHOST] iptocountry data: 100% loaded
[Fri Nov 29 00:01:09 2013] [GHOST] finished loading [ip-to-country.csv]
[Fri Nov 29 00:01:09 2013] [GHOST] warning - no battle.net connections found and no admin game created
[Fri Nov 29 00:01:09 2013] [GHOST] GHost++ Version 17.2 (with MySQL support)
